<?xml version="1.0" encoding="UTF-8"?>
<!-- Generated by org.testng.reporters.JUnitReportReporter -->
<testsuite hostname="LTIN488249" failures="0" tests="10" name="TestCase.TC_004_ValidateAllSearchResultsTest" time="111.247" errors="0" timestamp="2024-06-07T13:58:08 IST" skipped="0">
  <testcase classname="TestCase.TC_004_ValidateAllSearchResultsTest" name="userVerification" time="11.863"/>
  <system-out/>
  <testcase classname="TestCase.TC_004_ValidateAllSearchResultsTest" name="ThreeWeeksVerification" time="31.039"/>
  <system-out/>
  <testcase classname="TestCase.TC_004_ValidateAllSearchResultsTest" name="verifyCurrentDateDetails" time="12.783"/>
  <system-out/>
  <testcase classname="TestCase.TC_004_ValidateAllSearchResultsTest" name="verifyApprovedStatusResult" time="5.542"/>
  <system-out/>
  <testcase classname="TestCase.TC_004_ValidateAllSearchResultsTest" name="verifyPendingStatusResult" time="6.458"/>
  <system-out/>
  <testcase classname="TestCase.TC_004_ValidateAllSearchResultsTest" name="verifyAlertSearchStatus" time="8.675"/>
  <system-out/>
  <testcase classname="TestCase.TC_004_ValidateAllSearchResultsTest" name="verifyAlertSearchStatus" time="8.720"/>
  <system-out/>
  <testcase classname="TestCase.TC_004_ValidateAllSearchResultsTest" name="verifyAlertSearchStatus" time="8.829"/>
  <system-out/>
  <testcase classname="TestCase.TC_004_ValidateAllSearchResultsTest" name="verifyAlertSearchStatus" time="8.648"/>
  <system-out/>
  <testcase classname="TestCase.TC_004_ValidateAllSearchResultsTest" name="verifyAlertSearchStatus" time="8.690"/>
  <system-out/>
</testsuite> <!-- TestCase.TC_004_ValidateAllSearchResultsTest -->
